2018-02-05 19:47:59 [ INFO] - com.aolangtech.nsignal.NsignalConfig -NsignalConfig.java(53) -Property server.port : 8080
2018-02-05 19:47:59 [ INFO] - com.aolangtech.nsignal.NsignalConfig -NsignalConfig.java(54) -Property db.driverClassName : org.postgresql.Driver
2018-02-05 19:47:59 [ INFO] - com.aolangtech.nsignal.NsignalConfig -NsignalConfig.java(55) -Property db.url : jdbc:postgresql://54.210.133.145:6432/aolang
2018-02-05 19:47:59 [ INFO] - com.aolangtech.nsignal.receiver.impl.NSignalFileReceiver -NSignalFileReceiver.java(33) -Start to load records from file H:\Finance\OptionData\NSignalData\20160811.DO.nxc.trade...
2018-02-05 19:49:01 [ INFO] - com.aolangtech.nsignal.receiver.impl.NSignalFileReceiver -NSignalFileReceiver.java(41) -Load records success. Count of records: 1766248
2018-02-05 19:56:30 [ INFO] - com.aolangtech.nsignal.NsignalConfig -NsignalConfig.java(53) -Property server.port : 8080
2018-02-05 19:56:30 [ INFO] - com.aolangtech.nsignal.NsignalConfig -NsignalConfig.java(54) -Property db.driverClassName : org.postgresql.Driver
2018-02-05 19:56:30 [ INFO] - com.aolangtech.nsignal.NsignalConfig -NsignalConfig.java(55) -Property db.url : jdbc:postgresql://localhost:5432/ps
2018-02-05 19:56:30 [ INFO] - com.aolangtech.nsignal.receiver.impl.NSignalFileReceiver -NSignalFileReceiver.java(33) -Start to load records from file H:\Finance\OptionData\NSignalData\20160811.DO.nxc.trade...
2018-02-05 19:57:31 [ INFO] - com.aolangtech.nsignal.receiver.impl.NSignalFileReceiver -NSignalFileReceiver.java(41) -Load records success. Count of records: 1766248
2018-02-06 14:20:54 [ INFO] - com.aolangtech.nsignal.NsignalConfig -NsignalConfig.java(53) -Property server.port : 8080
2018-02-06 14:20:54 [ INFO] - com.aolangtech.nsignal.NsignalConfig -NsignalConfig.java(54) -Property db.driverClassName : org.postgresql.Driver
2018-02-06 14:20:54 [ INFO] - com.aolangtech.nsignal.NsignalConfig -NsignalConfig.java(55) -Property db.url : jdbc:postgresql://localhost:5432/aolang
2018-02-06 14:20:58 [ INFO] - com.aolangtech.nsignal.receiver.impl.NSignalFileReceiver -NSignalFileReceiver.java(33) -Start to load records from file H:\Finance\OptionData\NSignalData\20160811.DO.nxc.trade...
2018-02-06 14:21:58 [ INFO] - com.aolangtech.nsignal.receiver.impl.NSignalFileReceiver -NSignalFileReceiver.java(41) -Load records success. Count of records: 1766248
2018-02-06 14:41:18 [ INFO] - com.aolangtech.nsignal.NsignalConfig -NsignalConfig.java(53) -Property server.port : 8080
2018-02-06 14:41:18 [ INFO] - com.aolangtech.nsignal.NsignalConfig -NsignalConfig.java(54) -Property db.driverClassName : org.postgresql.Driver
2018-02-06 14:41:18 [ INFO] - com.aolangtech.nsignal.NsignalConfig -NsignalConfig.java(55) -Property db.url : jdbc:postgresql://localhost:5432/aolang
2018-02-06 14:41:19 [ INFO] - com.aolangtech.nsignal.receiver.impl.NSignalFileReceiver -NSignalFileReceiver.java(33) -Start to load records from file H:\Finance\OptionData\NSignalData\20160811.DO.nxc.trade...
2018-02-06 14:42:20 [ INFO] - com.aolangtech.nsignal.receiver.impl.NSignalFileReceiver -NSignalFileReceiver.java(41) -Load records success. Count of records: 1766248
2018-02-06 14:52:22 [ INFO] - com.aolangtech.nsignal.NsignalConfig -NsignalConfig.java(53) -Property server.port : 8080
2018-02-06 14:52:22 [ INFO] - com.aolangtech.nsignal.NsignalConfig -NsignalConfig.java(54) -Property db.driverClassName : org.postgresql.Driver
2018-02-06 14:52:22 [ INFO] - com.aolangtech.nsignal.NsignalConfig -NsignalConfig.java(55) -Property db.url : jdbc:postgresql://localhost:5432/aolang
2018-02-06 14:52:22 [ INFO] - com.aolangtech.nsignal.receiver.impl.NSignalFileReceiver -NSignalFileReceiver.java(33) -Start to load records from file H:\Finance\OptionData\NSignalData\20160811.DO.nxc.trade...
2018-02-06 14:53:18 [ INFO] - com.aolangtech.nsignal.receiver.impl.NSignalFileReceiver -NSignalFileReceiver.java(41) -Load records success. Count of records: 1766248
2018-02-06 14:56:24 [ INFO] - com.aolangtech.nsignal.NsignalConfig -NsignalConfig.java(53) -Property server.port : 8080
2018-02-06 14:56:24 [ INFO] - com.aolangtech.nsignal.NsignalConfig -NsignalConfig.java(54) -Property db.driverClassName : org.postgresql.Driver
2018-02-06 14:56:24 [ INFO] - com.aolangtech.nsignal.NsignalConfig -NsignalConfig.java(55) -Property db.url : jdbc:postgresql://localhost:5432/aolang
2018-02-06 14:56:24 [ INFO] - com.aolangtech.nsignal.receiver.impl.NSignalFileReceiver -NSignalFileReceiver.java(33) -Start to load records from file H:\Finance\OptionData\NSignalData\20160811.DO.nxc.trade...
2018-02-06 14:57:20 [ INFO] - com.aolangtech.nsignal.receiver.impl.NSignalFileReceiver -NSignalFileReceiver.java(41) -Load records success. Count of records: 1766248
2018-02-06 15:04:42 [ INFO] - com.aolangtech.nsignal.NsignalConfig -NsignalConfig.java(53) -Property server.port : 8080
2018-02-06 15:04:42 [ INFO] - com.aolangtech.nsignal.NsignalConfig -NsignalConfig.java(54) -Property db.driverClassName : org.postgresql.Driver
2018-02-06 15:04:42 [ INFO] - com.aolangtech.nsignal.NsignalConfig -NsignalConfig.java(55) -Property db.url : jdbc:postgresql://localhost:5432/aolang
2018-02-06 15:04:43 [ INFO] - com.aolangtech.nsignal.receiver.impl.NSignalFileReceiver -NSignalFileReceiver.java(33) -Start to load records from file H:\Finance\OptionData\NSignalData\20160811.DO.nxc.trade...
2018-02-06 15:05:38 [ INFO] - com.aolangtech.nsignal.receiver.impl.NSignalFileReceiver -NSignalFileReceiver.java(41) -Load records success. Count of records: 1766248
2018-02-06 15:41:34 [ INFO] - com.aolangtech.nsignal.NsignalConfig -NsignalConfig.java(53) -Property server.port : 8080
2018-02-06 15:41:34 [ INFO] - com.aolangtech.nsignal.NsignalConfig -NsignalConfig.java(54) -Property db.driverClassName : org.postgresql.Driver
2018-02-06 15:41:34 [ INFO] - com.aolangtech.nsignal.NsignalConfig -NsignalConfig.java(55) -Property db.url : jdbc:postgresql://localhost:5432/aolang
2018-02-06 15:41:34 [ INFO] - com.aolangtech.nsignal.receiver.impl.NSignalFileReceiver -NSignalFileReceiver.java(33) -Start to load records from file H:\Finance\OptionData\NSignalData\20160811.DO.nxc.trade...
2018-02-06 15:42:34 [ INFO] - com.aolangtech.nsignal.receiver.impl.NSignalFileReceiver -NSignalFileReceiver.java(41) -Load records success. Count of records: 1766248
2018-02-06 16:05:11 [ INFO] - com.aolangtech.nsignal.NsignalConfig -NsignalConfig.java(53) -Property server.port : 8080
2018-02-06 16:05:11 [ INFO] - com.aolangtech.nsignal.NsignalConfig -NsignalConfig.java(54) -Property db.driverClassName : org.postgresql.Driver
2018-02-06 16:05:11 [ INFO] - com.aolangtech.nsignal.NsignalConfig -NsignalConfig.java(55) -Property db.url : jdbc:postgresql://localhost:5432/aolang
2018-02-06 16:05:11 [ INFO] - com.aolangtech.nsignal.receiver.impl.NSignalFileReceiver -NSignalFileReceiver.java(33) -Start to load records from file H:\Finance\OptionData\NSignalData\20160811.DO.nxc.trade...
2018-02-06 16:07:17 [ INFO] - com.aolangtech.nsignal.receiver.impl.NSignalFileReceiver -NSignalFileReceiver.java(41) -Load records success. Count of records: 1766248
2018-02-06 16:38:10 [ INFO] - com.aolangtech.nsignal.receiver.impl.NSignalFileReceiver -NSignalFileReceiver.java(47) -Persist records success - Date of 160811. Count of records: 804346
2018-02-06 23:56:05 [ INFO] - com.aolangtech.nsignal.NsignalConfig -NsignalConfig.java(53) -Property server.port : 8080
2018-02-06 23:56:05 [ INFO] - com.aolangtech.nsignal.NsignalConfig -NsignalConfig.java(54) -Property db.driverClassName : org.postgresql.Driver
2018-02-06 23:56:05 [ INFO] - com.aolangtech.nsignal.NsignalConfig -NsignalConfig.java(55) -Property db.url : jdbc:postgresql://localhost:5432/aolang
2018-02-06 23:56:05 [ INFO] - com.aolangtech.nsignal.receiver.impl.NSignalFileReceiver -NSignalFileReceiver.java(33) -Start to load records from file H:\Finance\OptionData\NSignalData\20160811.DO.nxc.trade...
2018-02-07 11:10:44 [ INFO] - com.aolangtech.nsignal.NsignalConfig -NsignalConfig.java(53) -Property server.port : 8080
2018-02-07 11:10:44 [ INFO] - com.aolangtech.nsignal.NsignalConfig -NsignalConfig.java(54) -Property db.driverClassName : org.postgresql.Driver
2018-02-07 11:10:44 [ INFO] - com.aolangtech.nsignal.NsignalConfig -NsignalConfig.java(55) -Property db.url : jdbc:postgresql://localhost:5432/aolang
2018-02-07 11:10:45 [ INFO] - com.aolangtech.nsignal.receiver.impl.NSignalFileReceiver -NSignalFileReceiver.java(33) -Start to load records from file H:\Finance\OptionData\NSignalData\20160811.DO.nxc.trade...
2018-02-07 11:12:52 [ INFO] - com.aolangtech.nsignal.receiver.impl.NSignalFileReceiver -NSignalFileReceiver.java(41) -Load records success. Count of records: 1766248
2018-02-07 11:22:11 [ INFO] - com.aolangtech.nsignal.receiver.impl.NSignalFileReceiver -NSignalFileReceiver.java(47) -Persist records success - Date of 160811. Count of records: 804346
2018-02-08 11:20:11 [ INFO] - com.aolangtech.nsignal.NsignalConfig -NsignalConfig.java(53) -Property server.port : 8080
2018-02-08 11:20:11 [ INFO] - com.aolangtech.nsignal.NsignalConfig -NsignalConfig.java(54) -Property db.driverClassName : org.postgresql.Driver
2018-02-08 11:20:11 [ INFO] - com.aolangtech.nsignal.NsignalConfig -NsignalConfig.java(55) -Property db.url : jdbc:postgresql://localhost:5432/aolang
2018-02-08 11:20:11 [ INFO] - com.aolangtech.nsignal.receiver.impl.NSignalFileReceiver -NSignalFileReceiver.java(33) -Start to load records from file H:\Finance\OptionData\NSignalData\20161001.DO.nxc.trade...
2018-02-08 11:20:14 [ INFO] - com.aolangtech.nsignal.receiver.impl.NSignalFileReceiver -NSignalFileReceiver.java(41) -Load records success. Count of records: 572140
2018-02-08 11:30:42 [ INFO] - com.aolangtech.nsignal.utils.OptionTradeHandlerContext -OptionTradeHandlerContext.java(142) -Persist OI records success - Date of 161001. Count: 365742
2018-02-08 11:31:00 [ INFO] - com.aolangtech.nsignal.utils.OptionTradeHandlerContext -OptionTradeHandlerContext.java(144) -Persist trade records success - Date of 161001. Count: 0
2018-02-08 11:40:07 [ INFO] - com.aolangtech.nsignal.NsignalConfig -NsignalConfig.java(53) -Property server.port : 8080
2018-02-08 11:40:07 [ INFO] - com.aolangtech.nsignal.NsignalConfig -NsignalConfig.java(54) -Property db.driverClassName : org.postgresql.Driver
2018-02-08 11:40:07 [ INFO] - com.aolangtech.nsignal.NsignalConfig -NsignalConfig.java(55) -Property db.url : jdbc:postgresql://localhost:5432/aolang
2018-02-08 11:40:08 [ INFO] - com.aolangtech.nsignal.receiver.impl.NSignalFileReceiver -NSignalFileReceiver.java(33) -Start to load records from file H:\Finance\OptionData\NSignalData\20161001.DO.nxc.trade...
2018-02-08 11:40:31 [ INFO] - com.aolangtech.nsignal.NsignalConfig -NsignalConfig.java(53) -Property server.port : 8080
2018-02-08 11:40:31 [ INFO] - com.aolangtech.nsignal.NsignalConfig -NsignalConfig.java(54) -Property db.driverClassName : org.postgresql.Driver
2018-02-08 11:40:31 [ INFO] - com.aolangtech.nsignal.NsignalConfig -NsignalConfig.java(55) -Property db.url : jdbc:postgresql://localhost:5432/aolang
2018-02-08 11:40:31 [ INFO] - com.aolangtech.nsignal.receiver.impl.NSignalFileReceiver -NSignalFileReceiver.java(33) -Start to load records from file H:\Finance\OptionData\NSignalData\20161002.DO.nxc.trade...
2018-02-08 11:40:35 [ INFO] - com.aolangtech.nsignal.receiver.impl.NSignalFileReceiver -NSignalFileReceiver.java(41) -Load records success. Count of records: 572140
